<?xml version="1.0" encoding="UTF-8"?>
<!-- Generated by org.testng.reporters.JUnitReportReporter -->
<testsuite hostname="DESKTOP-NOAT8ES" failures="0" tests="1" name="com.ifocus.org.Ifocus.AppTest" time="0.010" errors="0" timestamp="2024-12-30T16:14:50 IST" skipped="0">
  <testcase classname="com.ifocus.org.Ifocus.AppTest" name="shouldAnswerWithTrue" time="0.010"/>
  <system-out/>
</testsuite> <!-- com.ifocus.org.Ifocus.AppTest -->
